SDPA start at [Wed Jan 24 16:41:20 2018]
set   is DEFAULT
data   is example1.dat-s  : sparse
out    is example1.out
NumThreads  is set as 1
Schur computation : DENSE 
   mu      thetaP  thetaD  objP      objD      alphaP  alphaD  beta 
 0 1.0e+04 1.0e+00 1.0e+00 -0.00e+00 +1.20e+03 1.0e+00 9.1e-01 2.00e-01
 1 1.6e+03 0.0e+00 9.4e-02 +8.39e+02 +7.51e+01 2.3e+00 9.6e-01 2.00e-01
 2 1.7e+02 2.3e-16 3.6e-03 +1.96e+02 -3.74e+01 1.3e+00 1.0e+00 2.00e-01
 3 1.8e+01 2.9e-16 2.2e-17 -6.84e+00 -4.19e+01 9.9e-01 9.0e+01 1.00e-01
 4 1.9e+00 2.6e-16 1.8e-15 -3.81e+01 -4.19e+01 1.0e+00 1.0e+00 1.00e-01
 5 1.9e-01 2.7e-16 7.5e-18 -4.15e+01 -4.19e+01 1.0e+00 1.0e+00 1.00e-01
 6 1.9e-02 2.8e-16 7.5e-18 -4.19e+01 -4.19e+01 1.0e+00 9.0e+01 1.00e-01
 7 1.9e-03 2.9e-16 1.2e-15 -4.19e+01 -4.19e+01 1.0e+00 1.0e+00 1.00e-01
 8 1.9e-04 2.8e-16 2.2e-17 -4.19e+01 -4.19e+01 1.0e+00 1.0e+00 1.00e-01
 9 1.9e-05 2.7e-16 7.5e-18 -4.19e+01 -4.19e+01 1.0e+00 1.0e+00 1.00e-01
10 1.9e-06 2.9e-16 3.7e-18 -4.19e+01 -4.19e+01 1.0e+00 1.0e+00 1.00e-01

phase.value  = pdOPT     
   Iteration = 10
          mu = +1.9180668442023158e-06
relative gap = +9.1554505917001858e-08
        gap  = +3.8361336223147191e-06
     digits  = +7.0383202767393023e+00
objValPrimal = -4.1899996163866383e+01
objValDual   = -4.1900000000000006e+01
p.feas.error = +3.5690251616723664e-14
d.feas.error = +3.5527136788005009e-15
total time   = 0.011463
** Parameters **
maxIteration = 100
epsilonStar  = +9.9999999999999995e-08
lambdaStar   = +1.0000000000000000e+02
omegaStar    = +2.0000000000000000e+00
lowerBound   = -1.0000000000000000e+05
upperBound   = +1.0000000000000000e+05
betaStar     = +1.0000000000000001e-01
betaBar      = +2.0000000000000001e-01
gammaStar    = +9.0000000000000002e-01
epsilonDash  = +9.9999999999999995e-08
xPrint       = %+8.3e 
XPrint       = %+8.3e 
YPrint       = %+8.3e 
infPrint     = %+10.16e 

                         Time(sec)  Ratio(% : MainLoop) 
 Predictor time  =       0.002913,  26.323875
 Corrector time  =       0.000034,  0.307247
 Make bMat time  =       0.000917,  8.286644
 Make bDia time  =       0.000003,  0.027110
 Make bF1  time  =       0.000000,  0.000000
 Make bF2  time  =       0.000000,  0.000000
 Make bF3  time  =       0.000000,  0.000000
 Make bPRE time  =       0.000149,  1.346467
 Make rMat time  =       0.000013,  0.117477
 Make gVec Mul   =       0.000293,  2.647750
 Make gVec time  =       0.000317,  2.864630
 Cholesky bMat   =       0.000006,  0.054220
 Ste Pre time    =       0.000004,  0.036147
 Ste Cor time    =       0.004368,  39.472257
 solve           =       0.001358,  12.271824
 sumDz           =       0.000014,  0.126514
 makedX          =       0.000019,  0.171697
 symmetriseDx    =       0.000018,  0.162660
 makedXdZ        =       0.000056,  0.506055
 xMatTime        =       0.001282,  11.585035
 zMatTime        =       0.001851,  16.726911
 invzMatTime     =       0.000000,  0.000000
 xMatzMatTime    =       0.000000,  0.000000
 EigxMatTime     =       0.004335,  39.174047
 EigzMatTime     =       0.000027,  0.243991
 EigxMatzMatTime =       0.000000,  0.000000
 updateRes       =       0.000016,  0.144587
 EigTime         =       0.004362,  39.418037
 sub_total_bMat  =       0.010149,  91.713356
 Main Loop       =       0.011066,  100.000000
 File Check      =       0.000000,  0.000000
 File Change     =       0.000003,  0.027110
 File Read       =       0.000394,  3.560455
 Total           =       0.011463,  103.587566

xVec = 
{-1.100e+00,-2.738e+00,-5.500e-01}
xMat = 
{
{ {+4.784e-07,+6.578e-07 },
  {+6.578e-07,+2.823e-06 }   }
}
yMat = 
{
{ {+5.900e+00,-1.375e+00 },
  {-1.375e+00,+1.000e+00 }   }
}
    main loop time = 0.011066
        total time = 0.011463
  file  check time = 0.000000
  file change time = 0.000003
  file   read time = 0.000394
SDPA end at [Wed Jan 24 16:41:20 2018]
ALL TIME = 0.028208
